<?xml version="1.0" encoding="UTF-8"?>
<!-- Generated by org.testng.reporters.JUnitReportReporter -->
<testsuite hostname="P2CLAP-CWF2NW2" failures="0" tests="1" name="ATC_Round2.HomePage" time="123.261" errors="0" timestamp="2021-02-11T21:56:58 IST" skipped="0">
  <testcase classname="ATC_Round2.HomePage" name="basePageNavigation" time="123.261"/>
  <system-out/>
</testsuite> <!-- ATC_Round2.HomePage -->
